 <-1> 05/07/2023 16:13:38.467     [Error  ] - オープンできません.データソース: SHTRITRN.DAT, Program: "V3V7コンバート.売上＋入金".
 <-1> 05/07/2023 16:14:03.024     [Error  ] - データベースが見つかりません.データソース: MSSQL2, Program: "取引先マスタコンバート".
 <-1> 05/07/2023 16:14:03.024     [Error  ] - データベースが見つかりません.データソース: SHTRIMST, Program: "取引先マスタコンバート".
 <-1> 06/07/2023 16:48:13.258     [Error  ] - 在庫履歴の年月を指定してください
 <-1> 06/07/2023 16:48:55.601     [Error  ] - 取引先マスタに存在しません
 <-1> 06/07/2023 16:49:01.495     [Error  ] - 取引先マスタに存在しません
 <-1> 06/07/2023 16:49:11.199     [Error  ] - 取引先マスタに存在しません
 <-1> 06/07/2023 16:50:41.542     [Error  ] - 在庫履歴の年月を指定してください
 <-1> 06/07/2023 16:50:45.685     [Error  ] - 範囲内のレコードがありません., Program: "PieceWorks.商品在庫履歴マスタ保守.商品在庫履歴マスタ".
 <-1> 06/07/2023 16:50:53.022     [Error  ] - 範囲内のレコードがありません., Program: "PieceWorks.商品在庫履歴マスタ保守.商品在庫履歴マスタ".
 <-1> 06/07/2023 16:52:37.919     [Error  ] - データベースが見つかりません.データソース: MSSQL_v6, Program: "トナー受注表取込".
 <-1> 06/07/2023 16:52:37.919     [Error  ] - データベースが見つかりません.データソース: SHSHOMST, Program: "トナー受注表取込".
 <-1> 06/07/2023 16:53:33.535     [Error  ] - オープンできません.データソース: SHTRIMST.MKD, Program: "V5V7コンバート".
 <-1> 06/07/2023 16:53:34.872     [Error  ] - オープンできません.データソース: SHSHOMST.MKD, Program: "V5V7コンバート".
 <-1> 06/07/2023 16:53:35.842     [Error  ] - オープンできません.データソース: SHJSKMST.MKD, Program: "V5V7コンバート".
 <-1> 06/07/2023 16:53:36.713     [Error  ] - オープンできません.データソース: SHTRITRN.MKD, Program: "V5V7コンバート".
 <-1> 06/07/2023 16:53:36.962     [Error  ] - オープンできません.データソース: BATRIDAT.MKD, Program: "V5V7コンバート".
 <-1> 06/07/2023 16:53:37.159     [Error  ] - オープンできません.データソース: SHSYGTRN.MKD, Program: "V5V7コンバート".
 <-1> 06/07/2023 16:53:37.352     [Error  ] - オープンできません.データソース: SHTNKMST.MKD, Program: "V5V7コンバート".
 <-1> 06/07/2023 16:53:37.538     [Error  ] - オープンできません.データソース: SHSHZMST.MKD, Program: "V5V7コンバート".
 <-1> 06/07/2023 16:53:37.735     [Error  ] - オープンできません.データソース: SHODRTRN.MKD, Program: "V5V7コンバート".
 <-1> 06/07/2023 16:53:37.908     [Error  ] - オープンできません.データソース: SHODRRRK.MKD, Program: "V5V7コンバート".
 <-1> 06/07/2023 16:53:38.095     [Error  ] - オープンできません.データソース: SHTKYMST.MKD, Program: "V5V7コンバート".
 <-1> 06/07/2023 16:53:38.287     [Error  ] - オープンできません.データソース: SHKNRMST.MKD, Program: "V5V7コンバート".
 <-1> 06/07/2023 16:53:38.472     [Error  ] - オープンできません.データソース: SHTRZMST.MKD, Program: "V5V7コンバート".
 <-1> 06/07/2023 16:53:39.345     [Error  ] - オープンできません.データソース: SHKNRMST.MKD, Program: "V5V7コンバート.Ｖ５管理マスタ".
 <-1> 11/07/2023 09:17:11.620     [Error  ] - オープンできません.データソース: メッセージマスタ, Program: "メインプログラム.メッセージマスタ".
 <-1> 11/07/2023 09:17:12.694     [Error  ] - オープンできません.データソース: ユーザーマスタ, Program: "Start".
 <-1> 11/07/2023 09:17:13.340     [Error  ] - オープンできません.データソース: 管理マスタ, Program: "PieceWorks".
